--------------------------------------------------------------------------------
Release 14.7 Trace  (nt)
Copyright (c) 1995-2013 Xilinx, Inc.  All rights reserved.

E:\Mojo\14.7\ISE_DS\ISE\bin\nt\unwrapped\trce.exe -intstyle ise -o
mojo_top_0.twr -v 30 -l 30 mojo_top_0_routed.ncd mojo_top_0.pcf

Design file:              mojo_top_0_routed.ncd
Physical constraint file: mojo_top_0.pcf
Device,package,speed:     xc6slx9,tqg144,C,-2 (PRODUCTION 1.23 2013-10-13)
Report level:             verbose report, limited to 30 items per constraint

Environment Variable      Effect 
--------------------      ------ 
NONE                      No environment variables were set
--------------------------------------------------------------------------------

INFO:Timing:3412 - To improve timing, see the Timing Closure User Guide (UG612).
INFO:Timing:2752 - To get complete path coverage, use the unconstrained paths 
   option. All paths that are not constrained will be reported in the 
   unconstrained paths section(s) of the report.
INFO:Timing:3339 - The clock-to-out numbers in this timing report are based on 
   a 50 Ohm transmission line loading model.  For the details of this model, 
   and for more information on accounting for different loading conditions, 
   please see the device datasheet.

================================================================================
Timing constraint: TS_clk = PERIOD TIMEGRP "clk" 50 MHz HIGH 50%;
For more information, see Period Analysis in the Timing Closure User Guide (UG612).

 2577 paths analyzed, 341 endpoints analyzed, 0 failing endpoints
 0 timing errors detected. (0 setup errors, 0 hold errors, 0 component switching limit errors)
 Minimum period is   5.883ns.
--------------------------------------------------------------------------------
Slack:                  14.117ns (requirement - (data path - clock path skew + uncertainty))
  Source:               sab/button_condA/M_ctr_q_8 (FF)
  Destination:          sab/M_storeA_q_11 (FF)
  Requirement:          20.000ns
  Data Path Delay:      6.393ns (Levels of Logic = 2)
  Clock Path Skew:      0.545ns (1.165 - 0.620)
  Source Clock:         clk_BUFGP rising at 0.000ns
  Destination Clock:    clk_BUFGP rising at 20.000ns
  Clock Uncertainty:    0.035ns

  Clock Uncertainty:          0.035ns  ((TSJ^2 + TIJ^2)^1/2 + DJ) / 2 + PE
    Total System Jitter (TSJ):  0.070ns
    Total Input Jitter (TIJ):   0.000ns
    Discrete Jitter (DJ):       0.000ns
    Phase Error (PE):           0.000ns

  Maximum Data Path at Slow Process Corner: sab/button_condA/M_ctr_q_8 to sab/M_storeA_q_11
    Location             Delay type         Delay(ns)  Physical Resource
                                                       Logical Resource(s)
    -------------------------------------------------  -------------------
    SLICE_X18Y43.AQ      Tcko                  0.476   sab/button_condA/M_ctr_q[11]
                                                       sab/button_condA/M_ctr_q_8
    SLICE_X19Y43.A1      net (fanout=2)        0.748   sab/button_condA/M_ctr_q[8]
    SLICE_X19Y43.A       Tilo                  0.259   sab/M_button_condA_out_inv
                                                       sab/button_condA/out3
    SLICE_X19Y42.C2      net (fanout=3)        0.727   sab/out2
    SLICE_X19Y42.C       Tilo                  0.259   sab/eda/M_last_q
                                                       sab/eda/out1
    ILOGIC_X12Y58.CE0    net (fanout=18)       3.142   M_eda_out
    ILOGIC_X12Y58.CLK0   Tice0ck               0.782   io_dip_11_IBUF
                                                       sab/M_storeA_q_11
    -------------------------------------------------  ---------------------------
    Total                                      6.393ns (1.776ns logic, 4.617ns route)
                                                       (27.8% logic, 72.2% route)

--------------------------------------------------------------------------------
Slack:                  14.117ns (requirement - (data path - clock path skew + uncertainty))
  Source:               sab/button_condA/M_ctr_q_12 (FF)
  Destination:          sab/M_storeA_q_11 (FF)
  Requirement:          20.000ns
  Data Path Delay:      6.390ns (Levels of Logic = 2)
  Clock Path Skew:      0.542ns (1.165 - 0.623)
  Source Clock:         clk_BUFGP rising at 0.000ns
  Destination Clock:    clk_BUFGP rising at 20.000ns
  Clock Uncertainty:    0.035ns

  Clock Uncertainty:          0.035ns  ((TSJ^2 + TIJ^2)^1/2 + DJ) / 2 + PE
    Total System Jitter (TSJ):  0.070ns
    Total Input Jitter (TIJ):   0.000ns
    Discrete Jitter (DJ):       0.000ns
    Phase Error (PE):           0.000ns

  Maximum Data Path at Slow Process Corner: sab/button_condA/M_ctr_q_12 to sab/M_storeA_q_11
    Location             Delay type         Delay(ns)  Physical Resource
                                                       Logical Resource(s)
    -------------------------------------------------  -------------------
    SLICE_X18Y44.AQ      Tcko                  0.476   sab/button_condA/M_ctr_q[15]
                                                       sab/button_condA/M_ctr_q_12
    SLICE_X19Y43.A6      net (fanout=2)        0.745   sab/button_condA/M_ctr_q[12]
    SLICE_X19Y43.A       Tilo                  0.259   sab/M_button_condA_out_inv
                                                       sab/button_condA/out3
    SLICE_X19Y42.C2      net (fanout=3)        0.727   sab/out2
    SLICE_X19Y42.C       Tilo                  0.259   sab/eda/M_last_q
                                                       sab/eda/out1
    ILOGIC_X12Y58.CE0    net (fanout=18)       3.142   M_eda_out
    ILOGIC_X12Y58.CLK0   Tice0ck               0.782   io_dip_11_IBUF
                                                       sab/M_storeA_q_11
    -------------------------------------------------  ---------------------------
    Total                                      6.390ns (1.776ns logic, 4.614ns route)
                                                       (27.8% logic, 72.2% route)

--------------------------------------------------------------------------------
Slack:                  14.117ns (requirement - (data path - clock path skew + uncertainty))
  Source:               sab/button_condA/M_ctr_q_8 (FF)
  Destination:          sab/M_storeA_q_10 (FF)
  Requirement:          20.000ns
  Data Path Delay:      6.393ns (Levels of Logic = 2)
  Clock Path Skew:      0.545ns (1.165 - 0.620)
  Source Clock:         clk_BUFGP rising at 0.000ns
  Destination Clock:    clk_BUFGP rising at 20.000ns
  Clock Uncertainty:    0.035ns

  Clock Uncertainty:          0.035ns  ((TSJ^2 + TIJ^2)^1/2 + DJ) / 2 + PE
    Total System Jitter (TSJ):  0.070ns
    Total Input Jitter (TIJ):   0.000ns
    Discrete Jitter (DJ):       0.000ns
    Phase Error (PE):           0.000ns

  Maximum Data Path at Slow Process Corner: sab/button_condA/M_ctr_q_8 to sab/M_storeA_q_10
    Location             Delay type         Delay(ns)  Physical Resource
                                                       Logical Resource(s)
    -------------------------------------------------  -------------------
    SLICE_X18Y43.AQ      Tcko                  0.476   sab/button_condA/M_ctr_q[11]
                                                       sab/button_condA/M_ctr_q_8
    SLICE_X19Y43.A1      net (fanout=2)        0.748   sab/button_condA/M_ctr_q[8]
    SLICE_X19Y43.A       Tilo                  0.259   sab/M_button_condA_out_inv
                                                       sab/button_condA/out3
    SLICE_X19Y42.C2      net (fanout=3)        0.727   sab/out2
    SLICE_X19Y42.C       Tilo                  0.259   sab/eda/M_last_q
                                                       sab/eda/out1
    ILOGIC_X12Y59.CE0    net (fanout=18)       3.142   M_eda_out
    ILOGIC_X12Y59.CLK0   Tice0ck               0.782   io_dip_10_IBUF
                                                       sab/M_storeA_q_10
    -------------------------------------------------  ---------------------------
    Total                                      6.393ns (1.776ns logic, 4.617ns route)
                                                       (27.8% logic, 72.2% route)

--------------------------------------------------------------------------------
Slack:                  14.117ns (requirement - (data path - clock path skew + uncertainty))
  Source:               sab/button_condA/M_ctr_q_12 (FF)
  Destination:          sab/M_storeA_q_10 (FF)
  Requirement:          20.000ns
  Data Path Delay:      6.390ns (Levels of Logic = 2)
  Clock Path Skew:      0.542ns (1.165 - 0.623)
  Source Clock:         clk_BUFGP rising at 0.000ns
  Destination Clock:    clk_BUFGP rising at 20.000ns
  Clock Uncertainty:    0.035ns

  Clock Uncertainty:          0.035ns  ((TSJ^2 + TIJ^2)^1/2 + DJ) / 2 + PE
    Total System Jitter (TSJ):  0.070ns
    Total Input Jitter (TIJ):   0.000ns
    Discrete Jitter (DJ):       0.000ns
    Phase Error (PE):           0.000ns

  Maximum Data Path at Slow Process Corner: sab/button_condA/M_ctr_q_12 to sab/M_storeA_q_10
    Location             Delay type         Delay(ns)  Physical Resource
                                                       Logical Resource(s)
    -------------------------------------------------  -------------------
    SLICE_X18Y44.AQ      Tcko                  0.476   sab/button_condA/M_ctr_q[15]
                                                       sab/button_condA/M_ctr_q_12
    SLICE_X19Y43.A6      net (fanout=2)        0.745   sab/button_condA/M_ctr_q[12]
    SLICE_X19Y43.A       Tilo                  0.259   sab/M_button_condA_out_inv
                                                       sab/button_condA/out3
    SLICE_X19Y42.C2      net (fanout=3)        0.727   sab/out2
    SLICE_X19Y42.C       Tilo                  0.259   sab/eda/M_last_q
                                                       sab/eda/out1
    ILOGIC_X12Y59.CE0    net (fanout=18)       3.142   M_eda_out
    ILOGIC_X12Y59.CLK0   Tice0ck               0.782   io_dip_10_IBUF
                                                       sab/M_storeA_q_10
    -------------------------------------------------  ---------------------------
    Total                                      6.390ns (1.776ns logic, 4.614ns route)
                                                       (27.8% logic, 72.2% route)

--------------------------------------------------------------------------------
Slack:                  14.170ns (requirement - (data path - clock path skew + uncertainty))
  Source:               sab/button_condA/M_ctr_q_8 (FF)
  Destination:          sab/M_storeA_q_6 (FF)
  Requirement:          20.000ns
  Data Path Delay:      6.343ns (Levels of Logic = 2)
  Clock Path Skew:      0.548ns (1.168 - 0.620)
  Source Clock:         clk_BUFGP rising at 0.000ns
  Destination Clock:    clk_BUFGP rising at 20.000ns
  Clock Uncertainty:    0.035ns

  Clock Uncertainty:          0.035ns  ((TSJ^2 + TIJ^2)^1/2 + DJ) / 2 + PE
    Total System Jitter (TSJ):  0.070ns
    Total Input Jitter (TIJ):   0.000ns
    Discrete Jitter (DJ):       0.000ns
    Phase Error (PE):           0.000ns

  Maximum Data Path at Slow Process Corner: sab/button_condA/M_ctr_q_8 to sab/M_storeA_q_6
    Location             Delay type         Delay(ns)  Physical Resource
                                                       Logical Resource(s)
    -------------------------------------------------  -------------------
    SLICE_X18Y43.AQ      Tcko                  0.476   sab/button_condA/M_ctr_q[11]
                                                       sab/button_condA/M_ctr_q_8
    SLICE_X19Y43.A1      net (fanout=2)        0.748   sab/button_condA/M_ctr_q[8]
    SLICE_X19Y43.A       Tilo                  0.259   sab/M_button_condA_out_inv
                                                       sab/button_condA/out3
    SLICE_X19Y42.C2      net (fanout=3)        0.727   sab/out2
    SLICE_X19Y42.C       Tilo                  0.259   sab/eda/M_last_q
                                                       sab/eda/out1
    ILOGIC_X11Y62.CE0    net (fanout=18)       3.092   M_eda_out
    ILOGIC_X11Y62.CLK0   Tice0ck               0.782   io_dip_6_IBUF
                                                       sab/M_storeA_q_6
    -------------------------------------------------  ---------------------------
    Total                                      6.343ns (1.776ns logic, 4.567ns route)
                                                       (28.0% logic, 72.0% route)

--------------------------------------------------------------------------------
Slack:                  14.170ns (requirement - (data path - clock path skew + uncertainty))
  Source:               sab/button_condA/M_ctr_q_12 (FF)
  Destination:          sab/M_storeA_q_6 (FF)
  Requirement:          20.000ns
  Data Path Delay:      6.340ns (Levels of Logic = 2)
  Clock Path Skew:      0.545ns (1.168 - 0.623)
  Source Clock:         clk_BUFGP rising at 0.000ns
  Destination Clock:    clk_BUFGP rising at 20.000ns
  Clock Uncertainty:    0.035ns

  Clock Uncertainty:          0.035ns  ((TSJ^2 + TIJ^2)^1/2 + DJ) / 2 + PE
    Total System Jitter (TSJ):  0.070ns
    Total Input Jitter (TIJ):   0.000ns
    Discrete Jitter (DJ):       0.000ns
    Phase Error (PE):           0.000ns

  Maximum Data Path at Slow Process Corner: sab/button_condA/M_ctr_q_12 to sab/M_storeA_q_6
    Location             Delay type         Delay(ns)  Physical Resource
                                                       Logical Resource(s)
    -------------------------------------------------  -------------------
    SLICE_X18Y44.AQ      Tcko                  0.476   sab/button_condA/M_ctr_q[15]
                                                       sab/button_condA/M_ctr_q_12
    SLICE_X19Y43.A6      net (fanout=2)        0.745   sab/button_condA/M_ctr_q[12]
    SLICE_X19Y43.A       Tilo                  0.259   sab/M_button_condA_out_inv
                                                       sab/button_condA/out3
    SLICE_X19Y42.C2      net (fanout=3)        0.727   sab/out2
    SLICE_X19Y42.C       Tilo                  0.259   sab/eda/M_last_q
                                                       sab/eda/out1
    ILOGIC_X11Y62.CE0    net (fanout=18)       3.092   M_eda_out
    ILOGIC_X11Y62.CLK0   Tice0ck               0.782   io_dip_6_IBUF
                                                       sab/M_storeA_q_6
    -------------------------------------------------  ---------------------------
    Total                                      6.340ns (1.776ns logic, 4.564ns route)
                                                       (28.0% logic, 72.0% route)

--------------------------------------------------------------------------------
Slack:                  14.170ns (requirement - (data path - clock path skew + uncertainty))
  Source:               sab/button_condA/M_ctr_q_12 (FF)
  Destination:          sab/M_storeA_q_7 (FF)
  Requirement:          20.000ns
  Data Path Delay:      6.340ns (Levels of Logic = 2)
  Clock Path Skew:      0.545ns (1.168 - 0.623)
  Source Clock:         clk_BUFGP rising at 0.000ns
  Destination Clock:    clk_BUFGP rising at 20.000ns
  Clock Uncertainty:    0.035ns

  Clock Uncertainty:          0.035ns  ((TSJ^2 + TIJ^2)^1/2 + DJ) / 2 + PE
    Total System Jitter (TSJ):  0.070ns
    Total Input Jitter (TIJ):   0.000ns
    Discrete Jitter (DJ):       0.000ns
    Phase Error (PE):           0.000ns

  Maximum Data Path at Slow Process Corner: sab/button_condA/M_ctr_q_12 to sab/M_storeA_q_7
    Location             Delay type         Delay(ns)  Physical Resource
                                                       Logical Resource(s)
    -------------------------------------------------  -------------------
    SLICE_X18Y44.AQ      Tcko                  0.476   sab/button_condA/M_ctr_q[15]
                                                       sab/button_condA/M_ctr_q_12
    SLICE_X19Y43.A6      net (fanout=2)        0.745   sab/button_condA/M_ctr_q[12]
    SLICE_X19Y43.A       Tilo                  0.259   sab/M_button_condA_out_inv
                                                       sab/button_condA/out3
    SLICE_X19Y42.C2      net (fanout=3)        0.727   sab/out2
    SLICE_X19Y42.C       Tilo                  0.259   sab/eda/M_last_q
                                                       sab/eda/out1
    ILOGIC_X11Y63.CE0    net (fanout=18)       3.092   M_eda_out
    ILOGIC_X11Y63.CLK0   Tice0ck               0.782   io_dip_7_IBUF
                                                       sab/M_storeA_q_7
    -------------------------------------------------  ---------------------------
    Total                                      6.340ns (1.776ns logic, 4.564ns route)
                                                       (28.0% logic, 72.0% route)

--------------------------------------------------------------------------------
Slack:                  14.170ns (requirement - (data path - clock path skew + uncertainty))
  Source:               sab/button_condA/M_ctr_q_8 (FF)
  Destination:          sab/M_storeA_q_7 (FF)
  Requirement:          20.000ns
  Data Path Delay:      6.343ns (Levels of Logic = 2)
  Clock Path Skew:      0.548ns (1.168 - 0.620)
  Source Clock:         clk_BUFGP rising at 0.000ns
  Destination Clock:    clk_BUFGP rising at 20.000ns
  Clock Uncertainty:    0.035ns

  Clock Uncertainty:          0.035ns  ((TSJ^2 + TIJ^2)^1/2 + DJ) / 2 + PE
    Total System Jitter (TSJ):  0.070ns
    Total Input Jitter (TIJ):   0.000ns
    Discrete Jitter (DJ):       0.000ns
    Phase Error (PE):           0.000ns

  Maximum Data Path at Slow Process Corner: sab/button_condA/M_ctr_q_8 to sab/M_storeA_q_7
    Location             Delay type         Delay(ns)  Physical Resource
                                                       Logical Resource(s)
    -------------------------------------------------  -------------------
    SLICE_X18Y43.AQ      Tcko                  0.476   sab/button_condA/M_ctr_q[11]
                                                       sab/button_condA/M_ctr_q_8
    SLICE_X19Y43.A1      net (fanout=2)        0.748   sab/button_condA/M_ctr_q[8]
    SLICE_X19Y43.A       Tilo                  0.259   sab/M_button_condA_out_inv
                                                       sab/button_condA/out3
    SLICE_X19Y42.C2      net (fanout=3)        0.727   sab/out2
    SLICE_X19Y42.C       Tilo                  0.259   sab/eda/M_last_q
                                                       sab/eda/out1
    ILOGIC_X11Y63.CE0    net (fanout=18)       3.092   M_eda_out
    ILOGIC_X11Y63.CLK0   Tice0ck               0.782   io_dip_7_IBUF
                                                       sab/M_storeA_q_7
    -------------------------------------------------  ---------------------------
    Total                                      6.343ns (1.776ns logic, 4.567ns route)
                                                       (28.0% logic, 72.0% route)

--------------------------------------------------------------------------------
Slack:                  14.309ns (requirement - (data path - clock path skew + uncertainty))
  Source:               sab/button_condA/M_ctr_q_13 (FF)
  Destination:          sab/M_storeA_q_10 (FF)
  Requirement:          20.000ns
  Data Path Delay:      6.198ns (Levels of Logic = 2)
  Clock Path Skew:      0.542ns (1.165 - 0.623)
  Source Clock:         clk_BUFGP rising at 0.000ns
  Destination Clock:    clk_BUFGP rising at 20.000ns
  Clock Uncertainty:    0.035ns

  Clock Uncertainty:          0.035ns  ((TSJ^2 + TIJ^2)^1/2 + DJ) / 2 + PE
    Total System Jitter (TSJ):  0.070ns
    Total Input Jitter (TIJ):   0.000ns
    Discrete Jitter (DJ):       0.000ns
    Phase Error (PE):           0.000ns

  Maximum Data Path at Slow Process Corner: sab/button_condA/M_ctr_q_13 to sab/M_storeA_q_10
    Location             Delay type         Delay(ns)  Physical Resource
                                                       Logical Resource(s)
    -------------------------------------------------  -------------------
    SLICE_X18Y44.BQ      Tcko                  0.476   sab/button_condA/M_ctr_q[15]
                                                       sab/button_condA/M_ctr_q_13
    SLICE_X19Y43.A3      net (fanout=2)        0.553   sab/button_condA/M_ctr_q[13]
    SLICE_X19Y43.A       Tilo                  0.259   sab/M_button_condA_out_inv
                                                       sab/button_condA/out3
    SLICE_X19Y42.C2      net (fanout=3)        0.727   sab/out2
    SLICE_X19Y42.C       Tilo                  0.259   sab/eda/M_last_q
                                                       sab/eda/out1
    ILOGIC_X12Y59.CE0    net (fanout=18)       3.142   M_eda_out
    ILOGIC_X12Y59.CLK0   Tice0ck               0.782   io_dip_10_IBUF
                                                       sab/M_storeA_q_10
    -------------------------------------------------  ---------------------------
    Total                                      6.198ns (1.776ns logic, 4.422ns route)
                                                       (28.7% logic, 71.3% route)

--------------------------------------------------------------------------------
Slack:                  14.309ns (requirement - (data path - clock path skew + uncertainty))
  Source:               sab/button_condA/M_ctr_q_13 (FF)
  Destination:          sab/M_storeA_q_11 (FF)
  Requirement:          20.000ns
  Data Path Delay:      6.198ns (Levels of Logic = 2)
  Clock Path Skew:      0.542ns (1.165 - 0.623)
  Source Clock:         clk_BUFGP rising at 0.000ns
  Destination Clock:    clk_BUFGP rising at 20.000ns
  Clock Uncertainty:    0.035ns

  Clock Uncertainty:          0.035ns  ((TSJ^2 + TIJ^2)^1/2 + DJ) / 2 + PE
    Total System Jitter (TSJ):  0.070ns
    Total Input Jitter (TIJ):   0.000ns
    Discrete Jitter (DJ):       0.000ns
    Phase Error (PE):           0.000ns

  Maximum Data Path at Slow Process Corner: sab/button_condA/M_ctr_q_13 to sab/M_storeA_q_11
    Location             Delay type         Delay(ns)  Physical Resource
                                                       Logical Resource(s)
    -------------------------------------------------  -------------------
    SLICE_X18Y44.BQ      Tcko                  0.476   sab/button_condA/M_ctr_q[15]
                                                       sab/button_condA/M_ctr_q_13
    SLICE_X19Y43.A3      net (fanout=2)        0.553   sab/button_condA/M_ctr_q[13]
    SLICE_X19Y43.A       Tilo                  0.259   sab/M_button_condA_out_inv
                                                       sab/button_condA/out3
    SLICE_X19Y42.C2      net (fanout=3)        0.727   sab/out2
    SLICE_X19Y42.C       Tilo                  0.259   sab/eda/M_last_q
                                                       sab/eda/out1
    ILOGIC_X12Y58.CE0    net (fanout=18)       3.142   M_eda_out
    ILOGIC_X12Y58.CLK0   Tice0ck               0.782   io_dip_11_IBUF
                                                       sab/M_storeA_q_11
    -------------------------------------------------  ---------------------------
    Total                                      6.198ns (1.776ns logic, 4.422ns route)
                                                       (28.7% logic, 71.3% route)

--------------------------------------------------------------------------------
Slack:                  14.312ns (requirement - (data path - clock path skew + uncertainty))
  Source:               sab/button_condA/M_ctr_q_10 (FF)
  Destination:          sab/M_storeA_q_11 (FF)
  Requirement:          20.000ns
  Data Path Delay:      6.198ns (Levels of Logic = 2)
  Clock Path Skew:      0.545ns (1.165 - 0.620)
  Source Clock:         clk_BUFGP rising at 0.000ns
  Destination Clock:    clk_BUFGP rising at 20.000ns
  Clock Uncertainty:    0.035ns

  Clock Uncertainty:          0.035ns  ((TSJ^2 + TIJ^2)^1/2 + DJ) / 2 + PE
    Total System Jitter (TSJ):  0.070ns
    Total Input Jitter (TIJ):   0.000ns
    Discrete Jitter (DJ):       0.000ns
    Phase Error (PE):           0.000ns

  Maximum Data Path at Slow Process Corner: sab/button_condA/M_ctr_q_10 to sab/M_storeA_q_11
    Location             Delay type         Delay(ns)  Physical Resource
                                                       Logical Resource(s)
    -------------------------------------------------  -------------------
    SLICE_X18Y43.CQ      Tcko                  0.476   sab/button_condA/M_ctr_q[11]
                                                       sab/button_condA/M_ctr_q_10
    SLICE_X19Y43.A2      net (fanout=2)        0.553   sab/button_condA/M_ctr_q[10]
    SLICE_X19Y43.A       Tilo                  0.259   sab/M_button_condA_out_inv
                                                       sab/button_condA/out3
    SLICE_X19Y42.C2      net (fanout=3)        0.727   sab/out2
    SLICE_X19Y42.C       Tilo                  0.259   sab/eda/M_last_q
                                                       sab/eda/out1
    ILOGIC_X12Y58.CE0    net (fanout=18)       3.142   M_eda_out
    ILOGIC_X12Y58.CLK0   Tice0ck               0.782   io_dip_11_IBUF
                                                       sab/M_storeA_q_11
    -------------------------------------------------  ---------------------------
    Total                                      6.198ns (1.776ns logic, 4.422ns route)
                                                       (28.7% logic, 71.3% route)

--------------------------------------------------------------------------------
Slack:                  14.312ns (requirement - (data path - clock path skew + uncertainty))
  Source:               sab/button_condA/M_ctr_q_10 (FF)
  Destination:          sab/M_storeA_q_10 (FF)
  Requirement:          20.000ns
  Data Path Delay:      6.198ns (Levels of Logic = 2)
  Clock Path Skew:      0.545ns (1.165 - 0.620)
  Source Clock:         clk_BUFGP rising at 0.000ns
  Destination Clock:    clk_BUFGP rising at 20.000ns
  Clock Uncertainty:    0.035ns

  Clock Uncertainty:          0.035ns  ((TSJ^2 + TIJ^2)^1/2 + DJ) / 2 + PE
    Total System Jitter (TSJ):  0.070ns
    Total Input Jitter (TIJ):   0.000ns
    Discrete Jitter (DJ):       0.000ns
    Phase Error (PE):           0.000ns

  Maximum Data Path at Slow Process Corner: sab/button_condA/M_ctr_q_10 to sab/M_storeA_q_10
    Location             Delay type         Delay(ns)  Physical Resource
                                                       Logical Resource(s)
    -------------------------------------------------  -------------------
    SLICE_X18Y43.CQ      Tcko                  0.476   sab/button_condA/M_ctr_q[11]
                                                       sab/button_condA/M_ctr_q_10
    SLICE_X19Y43.A2      net (fanout=2)        0.553   sab/button_condA/M_ctr_q[10]
    SLICE_X19Y43.A       Tilo                  0.259   sab/M_button_condA_out_inv
                                                       sab/button_condA/out3
    SLICE_X19Y42.C2      net (fanout=3)        0.727   sab/out2
    SLICE_X19Y42.C       Tilo                  0.259   sab/eda/M_last_q
                                                       sab/eda/out1
    ILOGIC_X12Y59.CE0    net (fanout=18)       3.142   M_eda_out
    ILOGIC_X12Y59.CLK0   Tice0ck               0.782   io_dip_10_IBUF
                                                       sab/M_storeA_q_10
    -------------------------------------------------  ---------------------------
    Total                                      6.198ns (1.776ns logic, 4.422ns route)
                                                       (28.7% logic, 71.3% route)

--------------------------------------------------------------------------------
Slack:                  14.358ns (requirement - (data path - clock path skew + uncertainty))
  Source:               sab/button_condA/M_ctr_q_11 (FF)
  Destination:          sab/M_storeA_q_11 (FF)
  Requirement:          20.000ns
  Data Path Delay:      6.152ns (Levels of Logic = 2)
  Clock Path Skew:      0.545ns (1.165 - 0.620)
  Source Clock:         clk_BUFGP rising at 0.000ns
  Destination Clock:    clk_BUFGP rising at 20.000ns
  Clock Uncertainty:    0.035ns

  Clock Uncertainty:          0.035ns  ((TSJ^2 + TIJ^2)^1/2 + DJ) / 2 + PE
    Total System Jitter (TSJ):  0.070ns
    Total Input Jitter (TIJ):   0.000ns
    Discrete Jitter (DJ):       0.000ns
    Phase Error (PE):           0.000ns

  Maximum Data Path at Slow Process Corner: sab/button_condA/M_ctr_q_11 to sab/M_storeA_q_11
    Location             Delay type         Delay(ns)  Physical Resource
                                                       Logical Resource(s)
    -------------------------------------------------  -------------------
    SLICE_X18Y43.DQ      Tcko                  0.476   sab/button_condA/M_ctr_q[11]
                                                       sab/button_condA/M_ctr_q_11
    SLICE_X19Y43.A4      net (fanout=2)        0.507   sab/button_condA/M_ctr_q[11]
    SLICE_X19Y43.A       Tilo                  0.259   sab/M_button_condA_out_inv
                                                       sab/button_condA/out3
    SLICE_X19Y42.C2      net (fanout=3)        0.727   sab/out2
    SLICE_X19Y42.C       Tilo                  0.259   sab/eda/M_last_q
                                                       sab/eda/out1
    ILOGIC_X12Y58.CE0    net (fanout=18)       3.142   M_eda_out
    ILOGIC_X12Y58.CLK0   Tice0ck               0.782   io_dip_11_IBUF
                                                       sab/M_storeA_q_11
    -------------------------------------------------  ---------------------------
    Total                                      6.152ns (1.776ns logic, 4.376ns route)
                                                       (28.9% logic, 71.1% route)

--------------------------------------------------------------------------------
Slack:                  14.358ns (requirement - (data path - clock path skew + uncertainty))
  Source:               sab/button_condA/M_ctr_q_11 (FF)
  Destination:          sab/M_storeA_q_10 (FF)
  Requirement:          20.000ns
  Data Path Delay:      6.152ns (Levels of Logic = 2)
  Clock Path Skew:      0.545ns (1.165 - 0.620)
  Source Clock:         clk_BUFGP rising at 0.000ns
  Destination Clock:    clk_BUFGP rising at 20.000ns
  Clock Uncertainty:    0.035ns

  Clock Uncertainty:          0.035ns  ((TSJ^2 + TIJ^2)^1/2 + DJ) / 2 + PE
    Total System Jitter (TSJ):  0.070ns
    Total Input Jitter (TIJ):   0.000ns
    Discrete Jitter (DJ):       0.000ns
    Phase Error (PE):           0.000ns

  Maximum Data Path at Slow Process Corner: sab/button_condA/M_ctr_q_11 to sab/M_storeA_q_10
    Location             Delay type         Delay(ns)  Physical Resource
                                                       Logical Resource(s)
    -------------------------------------------------  -------------------
    SLICE_X18Y43.DQ      Tcko                  0.476   sab/button_condA/M_ctr_q[11]
                                                       sab/button_condA/M_ctr_q_11
    SLICE_X19Y43.A4      net (fanout=2)        0.507   sab/button_condA/M_ctr_q[11]
    SLICE_X19Y43.A       Tilo                  0.259   sab/M_button_condA_out_inv
                                                       sab/button_condA/out3
    SLICE_X19Y42.C2      net (fanout=3)        0.727   sab/out2
    SLICE_X19Y42.C       Tilo                  0.259   sab/eda/M_last_q
                                                       sab/eda/out1
    ILOGIC_X12Y59.CE0    net (fanout=18)       3.142   M_eda_out
    ILOGIC_X12Y59.CLK0   Tice0ck               0.782   io_dip_10_IBUF
                                                       sab/M_storeA_q_10
    -------------------------------------------------  ---------------------------
    Total                                      6.152ns (1.776ns logic, 4.376ns route)
                                                       (28.9% logic, 71.1% route)

--------------------------------------------------------------------------------
Slack:                  14.359ns (requirement - (data path - clock path skew + uncertainty))
  Source:               sab/button_condA/M_ctr_q_8 (FF)
  Destination:          sab/M_storeA_q_8 (FF)
  Requirement:          20.000ns
  Data Path Delay:      6.153ns (Levels of Logic = 2)
  Clock Path Skew:      0.547ns (1.167 - 0.620)
  Source Clock:         clk_BUFGP rising at 0.000ns
  Destination Clock:    clk_BUFGP rising at 20.000ns
  Clock Uncertainty:    0.035ns

  Clock Uncertainty:          0.035ns  ((TSJ^2 + TIJ^2)^1/2 + DJ) / 2 + PE
    Total System Jitter (TSJ):  0.070ns
    Total Input Jitter (TIJ):   0.000ns
    Discrete Jitter (DJ):       0.000ns
    Phase Error (PE):           0.000ns

  Maximum Data Path at Slow Process Corner: sab/button_condA/M_ctr_q_8 to sab/M_storeA_q_8
    Location             Delay type         Delay(ns)  Physical Resource
                                                       Logical Resource(s)
    -------------------------------------------------  -------------------
    SLICE_X18Y43.AQ      Tcko                  0.476   sab/button_condA/M_ctr_q[11]
                                                       sab/button_condA/M_ctr_q_8
    SLICE_X19Y43.A1      net (fanout=2)        0.748   sab/button_condA/M_ctr_q[8]
    SLICE_X19Y43.A       Tilo                  0.259   sab/M_button_condA_out_inv
                                                       sab/button_condA/out3
    SLICE_X19Y42.C2      net (fanout=3)        0.727   sab/out2
    SLICE_X19Y42.C       Tilo                  0.259   sab/eda/M_last_q
                                                       sab/eda/out1
    ILOGIC_X11Y61.CE0    net (fanout=18)       2.902   M_eda_out
    ILOGIC_X11Y61.CLK0   Tice0ck               0.782   io_dip_8_IBUF
                                                       sab/M_storeA_q_8
    -------------------------------------------------  ---------------------------
    Total                                      6.153ns (1.776ns logic, 4.377ns route)
                                                       (28.9% logic, 71.1% route)

--------------------------------------------------------------------------------
Slack:                  14.359ns (requirement - (data path - clock path skew + uncertainty))
  Source:               sab/button_condA/M_ctr_q_12 (FF)
  Destination:          sab/M_storeA_q_8 (FF)
  Requirement:          20.000ns
  Data Path Delay:      6.150ns (Levels of Logic = 2)
  Clock Path Skew:      0.544ns (1.167 - 0.623)
  Source Clock:         clk_BUFGP rising at 0.000ns
  Destination Clock:    clk_BUFGP rising at 20.000ns
  Clock Uncertainty:    0.035ns

  Clock Uncertainty:          0.035ns  ((TSJ^2 + TIJ^2)^1/2 + DJ) / 2 + PE
    Total System Jitter (TSJ):  0.070ns
    Total Input Jitter (TIJ):   0.000ns
    Discrete Jitter (DJ):       0.000ns
    Phase Error (PE):           0.000ns

  Maximum Data Path at Slow Process Corner: sab/button_condA/M_ctr_q_12 to sab/M_storeA_q_8
    Location             Delay type         Delay(ns)  Physical Resource
                                                       Logical Resource(s)
    -------------------------------------------------  -------------------
    SLICE_X18Y44.AQ      Tcko                  0.476   sab/button_condA/M_ctr_q[15]
                                                       sab/button_condA/M_ctr_q_12
    SLICE_X19Y43.A6      net (fanout=2)        0.745   sab/button_condA/M_ctr_q[12]
    SLICE_X19Y43.A       Tilo                  0.259   sab/M_button_condA_out_inv
                                                       sab/button_condA/out3
    SLICE_X19Y42.C2      net (fanout=3)        0.727   sab/out2
    SLICE_X19Y42.C       Tilo                  0.259   sab/eda/M_last_q
                                                       sab/eda/out1
    ILOGIC_X11Y61.CE0    net (fanout=18)       2.902   M_eda_out
    ILOGIC_X11Y61.CLK0   Tice0ck               0.782   io_dip_8_IBUF
                                                       sab/M_storeA_q_8
    -------------------------------------------------  ---------------------------
    Total                                      6.150ns (1.776ns logic, 4.374ns route)
                                                       (28.9% logic, 71.1% route)

--------------------------------------------------------------------------------
Slack:                  14.359ns (requirement - (data path - clock path skew + uncertainty))
  Source:               sab/button_condA/M_ctr_q_12 (FF)
  Destination:          sab/M_storeA_q_9 (FF)
  Requirement:          20.000ns
  Data Path Delay:      6.150ns (Levels of Logic = 2)
  Clock Path Skew:      0.544ns (1.167 - 0.623)
  Source Clock:         clk_BUFGP rising at 0.000ns
  Destination Clock:    clk_BUFGP rising at 20.000ns
  Clock Uncertainty:    0.035ns

  Clock Uncertainty:          0.035ns  ((TSJ^2 + TIJ^2)^1/2 + DJ) / 2 + PE
    Total System Jitter (TSJ):  0.070ns
    Total Input Jitter (TIJ):   0.000ns
    Discrete Jitter (DJ):       0.000ns
    Phase Error (PE):           0.000ns

  Maximum Data Path at Slow Process Corner: sab/button_condA/M_ctr_q_12 to sab/M_storeA_q_9
    Location             Delay type         Delay(ns)  Physical Resource
                                                       Logical Resource(s)
    -------------------------------------------------  -------------------
    SLICE_X18Y44.AQ      Tcko                  0.476   sab/button_condA/M_ctr_q[15]
                                                       sab/button_condA/M_ctr_q_12
    SLICE_X19Y43.A6      net (fanout=2)        0.745   sab/button_condA/M_ctr_q[12]
    SLICE_X19Y43.A       Tilo                  0.259   sab/M_button_condA_out_inv
                                                       sab/button_condA/out3
    SLICE_X19Y42.C2      net (fanout=3)        0.727   sab/out2
    SLICE_X19Y42.C       Tilo                  0.259   sab/eda/M_last_q
                                                       sab/eda/out1
    ILOGIC_X11Y60.CE0    net (fanout=18)       2.902   M_eda_out
    ILOGIC_X11Y60.CLK0   Tice0ck               0.782   io_dip_9_IBUF
                                                       sab/M_storeA_q_9
    -------------------------------------------------  ---------------------------
    Total                                      6.150ns (1.776ns logic, 4.374ns route)
                                                       (28.9% logic, 71.1% route)

--------------------------------------------------------------------------------
Slack:                  14.359ns (requirement - (data path - clock path skew + uncertainty))
  Source:               sab/button_condA/M_ctr_q_8 (FF)
  Destination:          sab/M_storeA_q_9 (FF)
  Requirement:          20.000ns
  Data Path Delay:      6.153ns (Levels of Logic = 2)
  Clock Path Skew:      0.547ns (1.167 - 0.620)
  Source Clock:         clk_BUFGP rising at 0.000ns
  Destination Clock:    clk_BUFGP rising at 20.000ns
  Clock Uncertainty:    0.035ns

  Clock Uncertainty:          0.035ns  ((TSJ^2 + TIJ^2)^1/2 + DJ) / 2 + PE
    Total System Jitter (TSJ):  0.070ns
    Total Input Jitter (TIJ):   0.000ns
    Discrete Jitter (DJ):       0.000ns
    Phase Error (PE):           0.000ns

  Maximum Data Path at Slow Process Corner: sab/button_condA/M_ctr_q_8 to sab/M_storeA_q_9
    Location             Delay type         Delay(ns)  Physical Resource
                                                       Logical Resource(s)
    -------------------------------------------------  -------------------
    SLICE_X18Y43.AQ      Tcko                  0.476   sab/button_condA/M_ctr_q[11]
                                                       sab/button_condA/M_ctr_q_8
    SLICE_X19Y43.A1      net (fanout=2)        0.748   sab/button_condA/M_ctr_q[8]
    SLICE_X19Y43.A       Tilo                  0.259   sab/M_button_condA_out_inv
                                                       sab/button_condA/out3
    SLICE_X19Y42.C2      net (fanout=3)        0.727   sab/out2
    SLICE_X19Y42.C       Tilo                  0.259   sab/eda/M_last_q
                                                       sab/eda/out1
    ILOGIC_X11Y60.CE0    net (fanout=18)       2.902   M_eda_out
    ILOGIC_X11Y60.CLK0   Tice0ck               0.782   io_dip_9_IBUF
                                                       sab/M_storeA_q_9
    -------------------------------------------------  ---------------------------
    Total                                      6.153ns (1.776ns logic, 4.377ns route)
                                                       (28.9% logic, 71.1% route)

--------------------------------------------------------------------------------
Slack:                  14.362ns (requirement - (data path - clock path skew + uncertainty))
  Source:               sab/button_condA/M_ctr_q_13 (FF)
  Destination:          sab/M_storeA_q_7 (FF)
  Requirement:          20.000ns
  Data Path Delay:      6.148ns (Levels of Logic = 2)
  Clock Path Skew:      0.545ns (1.168 - 0.623)
  Source Clock:         clk_BUFGP rising at 0.000ns
  Destination Clock:    clk_BUFGP rising at 20.000ns
  Clock Uncertainty:    0.035ns

  Clock Uncertainty:          0.035ns  ((TSJ^2 + TIJ^2)^1/2 + DJ) / 2 + PE
    Total System Jitter (TSJ):  0.070ns
    Total Input Jitter (TIJ):   0.000ns
    Discrete Jitter (DJ):       0.000ns
    Phase Error (PE):           0.000ns

  Maximum Data Path at Slow Process Corner: sab/button_condA/M_ctr_q_13 to sab/M_storeA_q_7
    Location             Delay type         Delay(ns)  Physical Resource
                                                       Logical Resource(s)
    -------------------------------------------------  -------------------
    SLICE_X18Y44.BQ      Tcko                  0.476   sab/button_condA/M_ctr_q[15]
                                                       sab/button_condA/M_ctr_q_13
    SLICE_X19Y43.A3      net (fanout=2)        0.553   sab/button_condA/M_ctr_q[13]
    SLICE_X19Y43.A       Tilo                  0.259   sab/M_button_condA_out_inv
                                                       sab/button_condA/out3
    SLICE_X19Y42.C2      net (fanout=3)        0.727   sab/out2
    SLICE_X19Y42.C       Tilo                  0.259   sab/eda/M_last_q
                                                       sab/eda/out1
    ILOGIC_X11Y63.CE0    net (fanout=18)       3.092   M_eda_out
    ILOGIC_X11Y63.CLK0   Tice0ck               0.782   io_dip_7_IBUF
                                                       sab/M_storeA_q_7
    -------------------------------------------------  ---------------------------
    Total                                      6.148ns (1.776ns logic, 4.372ns route)
                                                       (28.9% logic, 71.1% route)

--------------------------------------------------------------------------------
Slack:                  14.362ns (requirement - (data path - clock path skew + uncertainty))
  Source:               sab/button_condA/M_ctr_q_13 (FF)
  Destination:          sab/M_storeA_q_6 (FF)
  Requirement:          20.000ns
  Data Path Delay:      6.148ns (Levels of Logic = 2)
  Clock Path Skew:      0.545ns (1.168 - 0.623)
  Source Clock:         clk_BUFGP rising at 0.000ns
  Destination Clock:    clk_BUFGP rising at 20.000ns
  Clock Uncertainty:    0.035ns

  Clock Uncertainty:          0.035ns  ((TSJ^2 + TIJ^2)^1/2 + DJ) / 2 + PE
    Total System Jitter (TSJ):  0.070ns
    Total Input Jitter (TIJ):   0.000ns
    Discrete Jitter (DJ):       0.000ns
    Phase Error (PE):           0.000ns

  Maximum Data Path at Slow Process Corner: sab/button_condA/M_ctr_q_13 to sab/M_storeA_q_6
    Location             Delay type         Delay(ns)  Physical Resource
                                                       Logical Resource(s)
    -------------------------------------------------  -------------------
    SLICE_X18Y44.BQ      Tcko                  0.476   sab/button_condA/M_ctr_q[15]
                                                       sab/button_condA/M_ctr_q_13
    SLICE_X19Y43.A3      net (fanout=2)        0.553   sab/button_condA/M_ctr_q[13]
    SLICE_X19Y43.A       Tilo                  0.259   sab/M_button_condA_out_inv
                                                       sab/button_condA/out3
    SLICE_X19Y42.C2      net (fanout=3)        0.727   sab/out2
    SLICE_X19Y42.C       Tilo                  0.259   sab/eda/M_last_q
                                                       sab/eda/out1
    ILOGIC_X11Y62.CE0    net (fanout=18)       3.092   M_eda_out
    ILOGIC_X11Y62.CLK0   Tice0ck               0.782   io_dip_6_IBUF
                                                       sab/M_storeA_q_6
    -------------------------------------------------  ---------------------------
    Total                                      6.148ns (1.776ns logic, 4.372ns route)
                                                       (28.9% logic, 71.1% route)

--------------------------------------------------------------------------------
Slack:                  14.365ns (requirement - (data path - clock path skew + uncertainty))
  Source:               sab/button_condA/M_ctr_q_10 (FF)
  Destination:          sab/M_storeA_q_6 (FF)
  Requirement:          20.000ns
  Data Path Delay:      6.148ns (Levels of Logic = 2)
  Clock Path Skew:      0.548ns (1.168 - 0.620)
  Source Clock:         clk_BUFGP rising at 0.000ns
  Destination Clock:    clk_BUFGP rising at 20.000ns
  Clock Uncertainty:    0.035ns

  Clock Uncertainty:          0.035ns  ((TSJ^2 + TIJ^2)^1/2 + DJ) / 2 + PE
    Total System Jitter (TSJ):  0.070ns
    Total Input Jitter (TIJ):   0.000ns
    Discrete Jitter (DJ):       0.000ns
    Phase Error (PE):           0.000ns

  Maximum Data Path at Slow Process Corner: sab/button_condA/M_ctr_q_10 to sab/M_storeA_q_6
    Location             Delay type         Delay(ns)  Physical Resource
                                                       Logical Resource(s)
    -------------------------------------------------  -------------------
    SLICE_X18Y43.CQ      Tcko                  0.476   sab/button_condA/M_ctr_q[11]
                                                       sab/button_condA/M_ctr_q_10
    SLICE_X19Y43.A2      net (fanout=2)        0.553   sab/button_condA/M_ctr_q[10]
    SLICE_X19Y43.A       Tilo                  0.259   sab/M_button_condA_out_inv
                                                       sab/button_condA/out3
    SLICE_X19Y42.C2      net (fanout=3)        0.727   sab/out2
    SLICE_X19Y42.C       Tilo                  0.259   sab/eda/M_last_q
                                                       sab/eda/out1
    ILOGIC_X11Y62.CE0    net (fanout=18)       3.092   M_eda_out
    ILOGIC_X11Y62.CLK0   Tice0ck               0.782   io_dip_6_IBUF
                                                       sab/M_storeA_q_6
    -------------------------------------------------  ---------------------------
    Total                                      6.148ns (1.776ns logic, 4.372ns route)
                                                       (28.9% logic, 71.1% route)

--------------------------------------------------------------------------------
Slack:                  14.365ns (requirement - (data path - clock path skew + uncertainty))
  Source:               sab/button_condA/M_ctr_q_10 (FF)
  Destination:          sab/M_storeA_q_7 (FF)
  Requirement:          20.000ns
  Data Path Delay:      6.148ns (Levels of Logic = 2)
  Clock Path Skew:      0.548ns (1.168 - 0.620)
  Source Clock:         clk_BUFGP rising at 0.000ns
  Destination Clock:    clk_BUFGP rising at 20.000ns
  Clock Uncertainty:    0.035ns

  Clock Uncertainty:          0.035ns  ((TSJ^2 + TIJ^2)^1/2 + DJ) / 2 + PE
    Total System Jitter (TSJ):  0.070ns
    Total Input Jitter (TIJ):   0.000ns
    Discrete Jitter (DJ):       0.000ns
    Phase Error (PE):           0.000ns

  Maximum Data Path at Slow Process Corner: sab/button_condA/M_ctr_q_10 to sab/M_storeA_q_7
    Location             Delay type         Delay(ns)  Physical Resource
                                                       Logical Resource(s)
    -------------------------------------------------  -------------------
    SLICE_X18Y43.CQ      Tcko                  0.476   sab/button_condA/M_ctr_q[11]
                                                       sab/button_condA/M_ctr_q_10
    SLICE_X19Y43.A2      net (fanout=2)        0.553   sab/button_condA/M_ctr_q[10]
    SLICE_X19Y43.A       Tilo                  0.259   sab/M_button_condA_out_inv
                                                       sab/button_condA/out3
    SLICE_X19Y42.C2      net (fanout=3)        0.727   sab/out2
    SLICE_X19Y42.C       Tilo                  0.259   sab/eda/M_last_q
                                                       sab/eda/out1
    ILOGIC_X11Y63.CE0    net (fanout=18)       3.092   M_eda_out
    ILOGIC_X11Y63.CLK0   Tice0ck               0.782   io_dip_7_IBUF
                                                       sab/M_storeA_q_7
    -------------------------------------------------  ---------------------------
    Total                                      6.148ns (1.776ns logic, 4.372ns route)
                                                       (28.9% logic, 71.1% route)

--------------------------------------------------------------------------------
Slack:                  14.376ns (requirement - (data path - clock path skew + uncertainty))
  Source:               sab/button_condA/M_ctr_q_2 (FF)
  Destination:          sab/M_storeA_q_11 (FF)
  Requirement:          20.000ns
  Data Path Delay:      6.139ns (Levels of Logic = 2)
  Clock Path Skew:      0.550ns (1.165 - 0.615)
  Source Clock:         clk_BUFGP rising at 0.000ns
  Destination Clock:    clk_BUFGP rising at 20.000ns
  Clock Uncertainty:    0.035ns

  Clock Uncertainty:          0.035ns  ((TSJ^2 + TIJ^2)^1/2 + DJ) / 2 + PE
    Total System Jitter (TSJ):  0.070ns
    Total Input Jitter (TIJ):   0.000ns
    Discrete Jitter (DJ):       0.000ns
    Phase Error (PE):           0.000ns

  Maximum Data Path at Slow Process Corner: sab/button_condA/M_ctr_q_2 to sab/M_storeA_q_11
    Location             Delay type         Delay(ns)  Physical Resource
                                                       Logical Resource(s)
    -------------------------------------------------  -------------------
    SLICE_X18Y41.CQ      Tcko                  0.476   sab/button_condA/M_ctr_q[3]
                                                       sab/button_condA/M_ctr_q_2
    SLICE_X19Y42.B4      net (fanout=2)        0.802   sab/button_condA/M_ctr_q[2]
    SLICE_X19Y42.B       Tilo                  0.259   sab/eda/M_last_q
                                                       sab/button_condA/out1
    SLICE_X19Y42.C5      net (fanout=3)        0.419   sab/out
    SLICE_X19Y42.C       Tilo                  0.259   sab/eda/M_last_q
                                                       sab/eda/out1
    ILOGIC_X12Y58.CE0    net (fanout=18)       3.142   M_eda_out
    ILOGIC_X12Y58.CLK0   Tice0ck               0.782   io_dip_11_IBUF
                                                       sab/M_storeA_q_11
    -------------------------------------------------  ---------------------------
    Total                                      6.139ns (1.776ns logic, 4.363ns route)
                                                       (28.9% logic, 71.1% route)

--------------------------------------------------------------------------------
Slack:                  14.376ns (requirement - (data path - clock path skew + uncertainty))
  Source:               sab/button_condA/M_ctr_q_2 (FF)
  Destination:          sab/M_storeA_q_10 (FF)
  Requirement:          20.000ns
  Data Path Delay:      6.139ns (Levels of Logic = 2)
  Clock Path Skew:      0.550ns (1.165 - 0.615)
  Source Clock:         clk_BUFGP rising at 0.000ns
  Destination Clock:    clk_BUFGP rising at 20.000ns
  Clock Uncertainty:    0.035ns

  Clock Uncertainty:          0.035ns  ((TSJ^2 + TIJ^2)^1/2 + DJ) / 2 + PE
    Total System Jitter (TSJ):  0.070ns
    Total Input Jitter (TIJ):   0.000ns
    Discrete Jitter (DJ):       0.000ns
    Phase Error (PE):           0.000ns

  Maximum Data Path at Slow Process Corner: sab/button_condA/M_ctr_q_2 to sab/M_storeA_q_10
    Location             Delay type         Delay(ns)  Physical Resource
                                                       Logical Resource(s)
    -------------------------------------------------  -------------------
    SLICE_X18Y41.CQ      Tcko                  0.476   sab/button_condA/M_ctr_q[3]
                                                       sab/button_condA/M_ctr_q_2
    SLICE_X19Y42.B4      net (fanout=2)        0.802   sab/button_condA/M_ctr_q[2]
    SLICE_X19Y42.B       Tilo                  0.259   sab/eda/M_last_q
                                                       sab/button_condA/out1
    SLICE_X19Y42.C5      net (fanout=3)        0.419   sab/out
    SLICE_X19Y42.C       Tilo                  0.259   sab/eda/M_last_q
                                                       sab/eda/out1
    ILOGIC_X12Y59.CE0    net (fanout=18)       3.142   M_eda_out
    ILOGIC_X12Y59.CLK0   Tice0ck               0.782   io_dip_10_IBUF
                                                       sab/M_storeA_q_10
    -------------------------------------------------  ---------------------------
    Total                                      6.139ns (1.776ns logic, 4.363ns route)
                                                       (28.9% logic, 71.1% route)

--------------------------------------------------------------------------------
Slack:                  14.411ns (requirement - (data path - clock path skew + uncertainty))
  Source:               sab/button_condA/M_ctr_q_11 (FF)
  Destination:          sab/M_storeA_q_7 (FF)
  Requirement:          20.000ns
  Data Path Delay:      6.102ns (Levels of Logic = 2)
  Clock Path Skew:      0.548ns (1.168 - 0.620)
  Source Clock:         clk_BUFGP rising at 0.000ns
  Destination Clock:    clk_BUFGP rising at 20.000ns
  Clock Uncertainty:    0.035ns

  Clock Uncertainty:          0.035ns  ((TSJ^2 + TIJ^2)^1/2 + DJ) / 2 + PE
    Total System Jitter (TSJ):  0.070ns
    Total Input Jitter (TIJ):   0.000ns
    Discrete Jitter (DJ):       0.000ns
    Phase Error (PE):           0.000ns

  Maximum Data Path at Slow Process Corner: sab/button_condA/M_ctr_q_11 to sab/M_storeA_q_7
    Location             Delay type         Delay(ns)  Physical Resource
                                                       Logical Resource(s)
    -------------------------------------------------  -------------------
    SLICE_X18Y43.DQ      Tcko                  0.476   sab/button_condA/M_ctr_q[11]
                                                       sab/button_condA/M_ctr_q_11
    SLICE_X19Y43.A4      net (fanout=2)        0.507   sab/button_condA/M_ctr_q[11]
    SLICE_X19Y43.A       Tilo                  0.259   sab/M_button_condA_out_inv
                                                       sab/button_condA/out3
    SLICE_X19Y42.C2      net (fanout=3)        0.727   sab/out2
    SLICE_X19Y42.C       Tilo                  0.259   sab/eda/M_last_q
                                                       sab/eda/out1
    ILOGIC_X11Y63.CE0    net (fanout=18)       3.092   M_eda_out
    ILOGIC_X11Y63.CLK0   Tice0ck               0.782   io_dip_7_IBUF
                                                       sab/M_storeA_q_7
    -------------------------------------------------  ---------------------------
    Total                                      6.102ns (1.776ns logic, 4.326ns route)
                                                       (29.1% logic, 70.9% route)

--------------------------------------------------------------------------------
Slack:                  14.411ns (requirement - (data path - clock path skew + uncertainty))
  Source:               sab/button_condA/M_ctr_q_11 (FF)
  Destination:          sab/M_storeA_q_6 (FF)
  Requirement:          20.000ns
  Data Path Delay:      6.102ns (Levels of Logic = 2)
  Clock Path Skew:      0.548ns (1.168 - 0.620)
  Source Clock:         clk_BUFGP rising at 0.000ns
  Destination Clock:    clk_BUFGP rising at 20.000ns
  Clock Uncertainty:    0.035ns

  Clock Uncertainty:          0.035ns  ((TSJ^2 + TIJ^2)^1/2 + DJ) / 2 + PE
    Total System Jitter (TSJ):  0.070ns
    Total Input Jitter (TIJ):   0.000ns
    Discrete Jitter (DJ):       0.000ns
    Phase Error (PE):           0.000ns

  Maximum Data Path at Slow Process Corner: sab/button_condA/M_ctr_q_11 to sab/M_storeA_q_6
    Location             Delay type         Delay(ns)  Physical Resource
                                                       Logical Resource(s)
    -------------------------------------------------  -------------------
    SLICE_X18Y43.DQ      Tcko                  0.476   sab/button_condA/M_ctr_q[11]
                                                       sab/button_condA/M_ctr_q_11
    SLICE_X19Y43.A4      net (fanout=2)        0.507   sab/button_condA/M_ctr_q[11]
    SLICE_X19Y43.A       Tilo                  0.259   sab/M_button_condA_out_inv
                                                       sab/button_condA/out3
    SLICE_X19Y42.C2      net (fanout=3)        0.727   sab/out2
    SLICE_X19Y42.C       Tilo                  0.259   sab/eda/M_last_q
                                                       sab/eda/out1
    ILOGIC_X11Y62.CE0    net (fanout=18)       3.092   M_eda_out
    ILOGIC_X11Y62.CLK0   Tice0ck               0.782   io_dip_6_IBUF
                                                       sab/M_storeA_q_6
    -------------------------------------------------  ---------------------------
    Total                                      6.102ns (1.776ns logic, 4.326ns route)
                                                       (29.1% logic, 70.9% route)

--------------------------------------------------------------------------------
Slack:                  14.429ns (requirement - (data path - clock path skew + uncertainty))
  Source:               sab/button_condA/M_ctr_q_2 (FF)
  Destination:          sab/M_storeA_q_6 (FF)
  Requirement:          20.000ns
  Data Path Delay:      6.089ns (Levels of Logic = 2)
  Clock Path Skew:      0.553ns (1.168 - 0.615)
  Source Clock:         clk_BUFGP rising at 0.000ns
  Destination Clock:    clk_BUFGP rising at 20.000ns
  Clock Uncertainty:    0.035ns

  Clock Uncertainty:          0.035ns  ((TSJ^2 + TIJ^2)^1/2 + DJ) / 2 + PE
    Total System Jitter (TSJ):  0.070ns
    Total Input Jitter (TIJ):   0.000ns
    Discrete Jitter (DJ):       0.000ns
    Phase Error (PE):           0.000ns

  Maximum Data Path at Slow Process Corner: sab/button_condA/M_ctr_q_2 to sab/M_storeA_q_6
    Location             Delay type         Delay(ns)  Physical Resource
                                                       Logical Resource(s)
    -------------------------------------------------  -------------------
    SLICE_X18Y41.CQ      Tcko                  0.476   sab/button_condA/M_ctr_q[3]
                                                       sab/button_condA/M_ctr_q_2
    SLICE_X19Y42.B4      net (fanout=2)        0.802   sab/button_condA/M_ctr_q[2]
    SLICE_X19Y42.B       Tilo                  0.259   sab/eda/M_last_q
                                                       sab/button_condA/out1
    SLICE_X19Y42.C5      net (fanout=3)        0.419   sab/out
    SLICE_X19Y42.C       Tilo                  0.259   sab/eda/M_last_q
                                                       sab/eda/out1
    ILOGIC_X11Y62.CE0    net (fanout=18)       3.092   M_eda_out
    ILOGIC_X11Y62.CLK0   Tice0ck               0.782   io_dip_6_IBUF
                                                       sab/M_storeA_q_6
    -------------------------------------------------  ---------------------------
    Total                                      6.089ns (1.776ns logic, 4.313ns route)
                                                       (29.2% logic, 70.8% route)

--------------------------------------------------------------------------------
Slack:                  14.429ns (requirement - (data path - clock path skew + uncertainty))
  Source:               sab/button_condA/M_ctr_q_2 (FF)
  Destination:          sab/M_storeA_q_7 (FF)
  Requirement:          20.000ns
  Data Path Delay:      6.089ns (Levels of Logic = 2)
  Clock Path Skew:      0.553ns (1.168 - 0.615)
  Source Clock:         clk_BUFGP rising at 0.000ns
  Destination Clock:    clk_BUFGP rising at 20.000ns
  Clock Uncertainty:    0.035ns

  Clock Uncertainty:          0.035ns  ((TSJ^2 + TIJ^2)^1/2 + DJ) / 2 + PE
    Total System Jitter (TSJ):  0.070ns
    Total Input Jitter (TIJ):   0.000ns
    Discrete Jitter (DJ):       0.000ns
    Phase Error (PE):           0.000ns

  Maximum Data Path at Slow Process Corner: sab/button_condA/M_ctr_q_2 to sab/M_storeA_q_7
    Location             Delay type         Delay(ns)  Physical Resource
                                                       Logical Resource(s)
    -------------------------------------------------  -------------------
    SLICE_X18Y41.CQ      Tcko                  0.476   sab/button_condA/M_ctr_q[3]
                                                       sab/button_condA/M_ctr_q_2
    SLICE_X19Y42.B4      net (fanout=2)        0.802   sab/button_condA/M_ctr_q[2]
    SLICE_X19Y42.B       Tilo                  0.259   sab/eda/M_last_q
                                                       sab/button_condA/out1
    SLICE_X19Y42.C5      net (fanout=3)        0.419   sab/out
    SLICE_X19Y42.C       Tilo                  0.259   sab/eda/M_last_q
                                                       sab/eda/out1
    ILOGIC_X11Y63.CE0    net (fanout=18)       3.092   M_eda_out
    ILOGIC_X11Y63.CLK0   Tice0ck               0.782   io_dip_7_IBUF
                                                       sab/M_storeA_q_7
    -------------------------------------------------  ---------------------------
    Total                                      6.089ns (1.776ns logic, 4.313ns route)
                                                       (29.2% logic, 70.8% route)

--------------------------------------------------------------------------------
Slack:                  14.448ns (requirement - (data path - clock path skew + uncertainty))
  Source:               sab/button_condA/M_ctr_q_12 (FF)
  Destination:          sab/M_storeA_q_3 (FF)
  Requirement:          20.000ns
  Data Path Delay:      6.062ns (Levels of Logic = 2)
  Clock Path Skew:      0.545ns (1.168 - 0.623)
  Source Clock:         clk_BUFGP rising at 0.000ns
  Destination Clock:    clk_BUFGP rising at 20.000ns
  Clock Uncertainty:    0.035ns

  Clock Uncertainty:          0.035ns  ((TSJ^2 + TIJ^2)^1/2 + DJ) / 2 + PE
    Total System Jitter (TSJ):  0.070ns
    Total Input Jitter (TIJ):   0.000ns
    Discrete Jitter (DJ):       0.000ns
    Phase Error (PE):           0.000ns

  Maximum Data Path at Slow Process Corner: sab/button_condA/M_ctr_q_12 to sab/M_storeA_q_3
    Location             Delay type         Delay(ns)  Physical Resource
                                                       Logical Resource(s)
    -------------------------------------------------  -------------------
    SLICE_X18Y44.AQ      Tcko                  0.476   sab/button_condA/M_ctr_q[15]
                                                       sab/button_condA/M_ctr_q_12
    SLICE_X19Y43.A6      net (fanout=2)        0.745   sab/button_condA/M_ctr_q[12]
    SLICE_X19Y43.A       Tilo                  0.259   sab/M_button_condA_out_inv
                                                       sab/button_condA/out3
    SLICE_X19Y42.C2      net (fanout=3)        0.727   sab/out2
    SLICE_X19Y42.C       Tilo                  0.259   sab/eda/M_last_q
                                                       sab/eda/out1
    ILOGIC_X10Y63.CE0    net (fanout=18)       2.814   M_eda_out
    ILOGIC_X10Y63.CLK0   Tice0ck               0.782   io_dip_3_IBUF
                                                       sab/M_storeA_q_3
    -------------------------------------------------  ---------------------------
    Total                                      6.062ns (1.776ns logic, 4.286ns route)
                                                       (29.3% logic, 70.7% route)

--------------------------------------------------------------------------------
Slack:                  14.448ns (requirement - (data path - clock path skew + uncertainty))
  Source:               sab/button_condA/M_ctr_q_8 (FF)
  Destination:          sab/M_storeA_q_3 (FF)
  Requirement:          20.000ns
  Data Path Delay:      6.065ns (Levels of Logic = 2)
  Clock Path Skew:      0.548ns (1.168 - 0.620)
  Source Clock:         clk_BUFGP rising at 0.000ns
  Destination Clock:    clk_BUFGP rising at 20.000ns
  Clock Uncertainty:    0.035ns

  Clock Uncertainty:          0.035ns  ((TSJ^2 + TIJ^2)^1/2 + DJ) / 2 + PE
    Total System Jitter (TSJ):  0.070ns
    Total Input Jitter (TIJ):   0.000ns
    Discrete Jitter (DJ):       0.000ns
    Phase Error (PE):           0.000ns

  Maximum Data Path at Slow Process Corner: sab/button_condA/M_ctr_q_8 to sab/M_storeA_q_3
    Location             Delay type         Delay(ns)  Physical Resource
                                                       Logical Resource(s)
    -------------------------------------------------  -------------------
    SLICE_X18Y43.AQ      Tcko                  0.476   sab/button_condA/M_ctr_q[11]
                                                       sab/button_condA/M_ctr_q_8
    SLICE_X19Y43.A1      net (fanout=2)        0.748   sab/button_condA/M_ctr_q[8]
    SLICE_X19Y43.A       Tilo                  0.259   sab/M_button_condA_out_inv
                                                       sab/button_condA/out3
    SLICE_X19Y42.C2      net (fanout=3)        0.727   sab/out2
    SLICE_X19Y42.C       Tilo                  0.259   sab/eda/M_last_q
                                                       sab/eda/out1
    ILOGIC_X10Y63.CE0    net (fanout=18)       2.814   M_eda_out
    ILOGIC_X10Y63.CLK0   Tice0ck               0.782   io_dip_3_IBUF
                                                       sab/M_storeA_q_3
    -------------------------------------------------  ---------------------------
    Total                                      6.065ns (1.776ns logic, 4.289ns route)
                                                       (29.3% logic, 70.7% route)

--------------------------------------------------------------------------------

Component Switching Limit Checks: TS_clk = PERIOD TIMEGRP "clk" 50 MHz HIGH 50%;
--------------------------------------------------------------------------------
Slack: 17.334ns (period - min period limit)
  Period: 20.000ns
  Min period limit: 2.666ns (375.094MHz) (Tbcper_I)
  Physical resource: clk_BUFGP/BUFG/I0
  Logical resource: clk_BUFGP/BUFG/I0
  Location pin: BUFGMUX_X2Y11.I0
  Clock network: clk_BUFGP/IBUFG
--------------------------------------------------------------------------------
Slack: 18.134ns (period - min period limit)
  Period: 20.000ns
  Min period limit: 1.866ns (535.906MHz) (Tickper)
  Physical resource: io_dip_0_IBUF/CLK0
  Logical resource: sab/M_storeA_q_0/CLK0
  Location pin: ILOGIC_X9Y60.CLK0
  Clock network: clk_BUFGP
--------------------------------------------------------------------------------
Slack: 18.134ns (period - min period limit)
  Period: 20.000ns
  Min period limit: 1.866ns (535.906MHz) (Tickper)
  Physical resource: io_dip_1_IBUF/CLK0
  Logical resource: sab/M_storeA_q_1/CLK0
  Location pin: ILOGIC_X9Y61.CLK0
  Clock network: clk_BUFGP
--------------------------------------------------------------------------------
Slack: 18.134ns (period - min period limit)
  Period: 20.000ns
  Min period limit: 1.866ns (535.906MHz) (Tickper)
  Physical resource: io_dip_2_IBUF/CLK0
  Logical resource: sab/M_storeA_q_2/CLK0
  Location pin: ILOGIC_X10Y62.CLK0
  Clock network: clk_BUFGP
--------------------------------------------------------------------------------
Slack: 18.134ns (period - min period limit)
  Period: 20.000ns
  Min period limit: 1.866ns (535.906MHz) (Tickper)
  Physical resource: io_dip_3_IBUF/CLK0
  Logical resource: sab/M_storeA_q_3/CLK0
  Location pin: ILOGIC_X10Y63.CLK0
  Clock network: clk_BUFGP
--------------------------------------------------------------------------------
Slack: 18.134ns (period - min period limit)
  Period: 20.000ns
  Min period limit: 1.866ns (535.906MHz) (Tickper)
  Physical resource: io_dip_4_IBUF/CLK0
  Logical resource: sab/M_storeA_q_4/CLK0
  Location pin: ILOGIC_X10Y60.CLK0
  Clock network: clk_BUFGP
--------------------------------------------------------------------------------
Slack: 18.134ns (period - min period limit)
  Period: 20.000ns
  Min period limit: 1.866ns (535.906MHz) (Tickper)
  Physical resource: io_dip_5_IBUF/CLK0
  Logical resource: sab/M_storeA_q_5/CLK0
  Location pin: ILOGIC_X10Y61.CLK0
  Clock network: clk_BUFGP
--------------------------------------------------------------------------------
Slack: 18.134ns (period - min period limit)
  Period: 20.000ns
  Min period limit: 1.866ns (535.906MHz) (Tickper)
  Physical resource: io_dip_6_IBUF/CLK0
  Logical resource: sab/M_storeA_q_6/CLK0
  Location pin: ILOGIC_X11Y62.CLK0
  Clock network: clk_BUFGP
--------------------------------------------------------------------------------
Slack: 18.134ns (period - min period limit)
  Period: 20.000ns
  Min period limit: 1.866ns (535.906MHz) (Tickper)
  Physical resource: io_dip_7_IBUF/CLK0
  Logical resource: sab/M_storeA_q_7/CLK0
  Location pin: ILOGIC_X11Y63.CLK0
  Clock network: clk_BUFGP
--------------------------------------------------------------------------------
Slack: 18.134ns (period - min period limit)
  Period: 20.000ns
  Min period limit: 1.866ns (535.906MHz) (Tickper)
  Physical resource: io_dip_8_IBUF/CLK0
  Logical resource: sab/M_storeA_q_8/CLK0
  Location pin: ILOGIC_X11Y61.CLK0
  Clock network: clk_BUFGP
--------------------------------------------------------------------------------
Slack: 18.134ns (period - min period limit)
  Period: 20.000ns
  Min period limit: 1.866ns (535.906MHz) (Tickper)
  Physical resource: io_dip_9_IBUF/CLK0
  Logical resource: sab/M_storeA_q_9/CLK0
  Location pin: ILOGIC_X11Y60.CLK0
  Clock network: clk_BUFGP
--------------------------------------------------------------------------------
Slack: 18.134ns (period - min period limit)
  Period: 20.000ns
  Min period limit: 1.866ns (535.906MHz) (Tickper)
  Physical resource: io_dip_10_IBUF/CLK0
  Logical resource: sab/M_storeA_q_10/CLK0
  Location pin: ILOGIC_X12Y59.CLK0
  Clock network: clk_BUFGP
--------------------------------------------------------------------------------
Slack: 18.134ns (period - min period limit)
  Period: 20.000ns
  Min period limit: 1.866ns (535.906MHz) (Tickper)
  Physical resource: io_dip_11_IBUF/CLK0
  Logical resource: sab/M_storeA_q_11/CLK0
  Location pin: ILOGIC_X12Y58.CLK0
  Clock network: clk_BUFGP
--------------------------------------------------------------------------------
Slack: 18.134ns (period - min period limit)
  Period: 20.000ns
  Min period limit: 1.866ns (535.906MHz) (Tickper)
  Physical resource: io_dip_12_IBUF/CLK0
  Logical resource: sab/M_storeA_q_12/CLK0
  Location pin: ILOGIC_X12Y51.CLK0
  Clock network: clk_BUFGP
--------------------------------------------------------------------------------
Slack: 18.134ns (period - min period limit)
  Period: 20.000ns
  Min period limit: 1.866ns (535.906MHz) (Tickper)
  Physical resource: io_dip_13_IBUF/CLK0
  Logical resource: sab/M_storeA_q_13/CLK0
  Location pin: ILOGIC_X12Y50.CLK0
  Clock network: clk_BUFGP
--------------------------------------------------------------------------------
Slack: 18.134ns (period - min period limit)
  Period: 20.000ns
  Min period limit: 1.866ns (535.906MHz) (Tickper)
  Physical resource: io_dip_14_IBUF/CLK0
  Logical resource: sab/M_storeA_q_14/CLK0
  Location pin: ILOGIC_X12Y49.CLK0
  Clock network: clk_BUFGP
--------------------------------------------------------------------------------
Slack: 18.134ns (period - min period limit)
  Period: 20.000ns
  Min period limit: 1.866ns (535.906MHz) (Tickper)
  Physical resource: io_dip_15_IBUF/CLK0
  Logical resource: sab/M_storeA_q_15/CLK0
  Location pin: ILOGIC_X12Y48.CLK0
  Clock network: clk_BUFGP
--------------------------------------------------------------------------------
Slack: 18.601ns (period - min period limit)
  Period: 20.000ns
  Min period limit: 1.399ns (714.796MHz) (Tcp)
  Physical resource: sab/button_condB/M_sync_out/CLK
  Logical resource: sab/button_condA/sync/Mshreg_M_pipe_q_1/CLK
  Location pin: SLICE_X0Y56.CLK
  Clock network: clk_BUFGP
--------------------------------------------------------------------------------
Slack: 18.601ns (period - min period limit)
  Period: 20.000ns
  Min period limit: 1.399ns (714.796MHz) (Tcp)
  Physical resource: sab/button_condB/M_sync_out/CLK
  Logical resource: sab/button_condB/sync/Mshreg_M_pipe_q_1/CLK
  Location pin: SLICE_X0Y56.CLK
  Clock network: clk_BUFGP
--------------------------------------------------------------------------------
Slack: 19.520ns (period - min period limit)
  Period: 20.000ns
  Min period limit: 0.480ns (2083.333MHz) (Tcp)
  Physical resource: seg/ctr/M_ctr_q[3]/CLK
  Logical resource: seg/ctr/M_ctr_q_0/CK
  Location pin: SLICE_X0Y20.CLK
  Clock network: clk_BUFGP
--------------------------------------------------------------------------------
Slack: 19.520ns (period - min period limit)
  Period: 20.000ns
  Min period limit: 0.480ns (2083.333MHz) (Tcp)
  Physical resource: seg/ctr/M_ctr_q[3]/CLK
  Logical resource: seg/ctr/M_ctr_q_1/CK
  Location pin: SLICE_X0Y20.CLK
  Clock network: clk_BUFGP
--------------------------------------------------------------------------------
Slack: 19.520ns (period - min period limit)
  Period: 20.000ns
  Min period limit: 0.480ns (2083.333MHz) (Tcp)
  Physical resource: seg/ctr/M_ctr_q[3]/CLK
  Logical resource: seg/ctr/M_ctr_q_2/CK
  Location pin: SLICE_X0Y20.CLK
  Clock network: clk_BUFGP
--------------------------------------------------------------------------------
Slack: 19.520ns (period - min period limit)
  Period: 20.000ns
  Min period limit: 0.480ns (2083.333MHz) (Tcp)
  Physical resource: seg/ctr/M_ctr_q[3]/CLK
  Logical resource: seg/ctr/M_ctr_q_3/CK
  Location pin: SLICE_X0Y20.CLK
  Clock network: clk_BUFGP
--------------------------------------------------------------------------------
Slack: 19.520ns (period - min period limit)
  Period: 20.000ns
  Min period limit: 0.480ns (2083.333MHz) (Tcp)
  Physical resource: seg/ctr/M_ctr_q[7]/CLK
  Logical resource: seg/ctr/M_ctr_q_4/CK
  Location pin: SLICE_X0Y21.CLK
  Clock network: clk_BUFGP
--------------------------------------------------------------------------------
Slack: 19.520ns (period - min period limit)
  Period: 20.000ns
  Min period limit: 0.480ns (2083.333MHz) (Tcp)
  Physical resource: seg/ctr/M_ctr_q[7]/CLK
  Logical resource: seg/ctr/M_ctr_q_5/CK
  Location pin: SLICE_X0Y21.CLK
  Clock network: clk_BUFGP
--------------------------------------------------------------------------------
Slack: 19.520ns (period - min period limit)
  Period: 20.000ns
  Min period limit: 0.480ns (2083.333MHz) (Tcp)
  Physical resource: seg/ctr/M_ctr_q[7]/CLK
  Logical resource: seg/ctr/M_ctr_q_6/CK
  Location pin: SLICE_X0Y21.CLK
  Clock network: clk_BUFGP
--------------------------------------------------------------------------------
Slack: 19.520ns (period - min period limit)
  Period: 20.000ns
  Min period limit: 0.480ns (2083.333MHz) (Tcp)
  Physical resource: seg/ctr/M_ctr_q[7]/CLK
  Logical resource: seg/ctr/M_ctr_q_7/CK
  Location pin: SLICE_X0Y21.CLK
  Clock network: clk_BUFGP
--------------------------------------------------------------------------------
Slack: 19.520ns (period - min period limit)
  Period: 20.000ns
  Min period limit: 0.480ns (2083.333MHz) (Tcp)
  Physical resource: seg/ctr/M_ctr_q[11]/CLK
  Logical resource: seg/ctr/M_ctr_q_8/CK
  Location pin: SLICE_X0Y22.CLK
  Clock network: clk_BUFGP
--------------------------------------------------------------------------------
Slack: 19.520ns (period - min period limit)
  Period: 20.000ns
  Min period limit: 0.480ns (2083.333MHz) (Tcp)
  Physical resource: seg/ctr/M_ctr_q[11]/CLK
  Logical resource: seg/ctr/M_ctr_q_9/CK
  Location pin: SLICE_X0Y22.CLK
  Clock network: clk_BUFGP
--------------------------------------------------------------------------------
Slack: 19.520ns (period - min period limit)
  Period: 20.000ns
  Min period limit: 0.480ns (2083.333MHz) (Tcp)
  Physical resource: seg/ctr/M_ctr_q[11]/CLK
  Logical resource: seg/ctr/M_ctr_q_10/CK
  Location pin: SLICE_X0Y22.CLK
  Clock network: clk_BUFGP
--------------------------------------------------------------------------------


All constraints were met.


Data Sheet report:
-----------------
All values displayed in nanoseconds (ns)

Clock to Setup on destination clock clk
---------------+---------+---------+---------+---------+
               | Src:Rise| Src:Fall| Src:Rise| Src:Fall|
Source Clock   |Dest:Rise|Dest:Rise|Dest:Fall|Dest:Fall|
---------------+---------+---------+---------+---------+
clk            |    5.883|         |         |         |
---------------+---------+---------+---------+---------+


Timing summary:
---------------

Timing errors: 0  Score: 0  (Setup/Max: 0, Hold: 0)

Constraints cover 2577 paths, 0 nets, and 258 connections

Design statistics:
   Minimum period:   5.883ns{1}   (Maximum frequency: 169.981MHz)


------------------------------------Footnotes-----------------------------------
1)  The minimum period statistic assumes all single cycle delays.

Analysis completed Tue Oct 30 22:30:21 2018 
--------------------------------------------------------------------------------

Trace Settings:
-------------------------
Trace Settings 

Peak Memory Usage: 179 MB



